Building DAG of jobs...
Your conda installation is not configured to use strict channel priorities. This is however crucial for having robust and correct environments (for details, see https://conda-forge.org/docs/user/tipsandtricks.html). Please consider to configure strict priorities by executing 'conda config --set channel_priority strict'.
Creating conda environment sra-tools.yaml...
Downloading and installing remote packages.
Environment for /mnt/c/Users/lukeg/Documents/Morin_Lab/lcr-scripts/sra-tools/1.0/sra-tools.yaml created (location: ../../../../../../../Documents\ and\ Settings/lukeg/Documents/Morin_Lab/conda_env_folder/5f2c4ce356a60d1b3375416903a292c0_)
Using shell: /usr/bin/bash
Provided cores: 12
Rules claiming more threads will be scaled down.
Job stats:
job           count    min threads    max threads
----------  -------  -------------  -------------
all               1              1              1
index_bam        20              1              1
prefetch         12              1              1
sam_dump         20              1              1
sam_to_bam       20              8              8
total            73              1              8

Select jobs to execute...

[Fri Mar 28 13:48:03 2025]
rule prefetch:
    output: SRR32271469
    log: SRR32271469.log
    jobid: 63
    reason: Missing output files: SRR32271469
    wildcards: accession=SRR32271469
    resources: tmpdir=/tmp, mem_mb=15000, disk_mb=300000

Activating conda environment: ../../../../../../../Documents\ and\ Settings/lukeg/Documents/Morin_Lab/conda_env_folder/5f2c4ce356a60d1b3375416903a292c0_
[Fri Mar 28 13:48:03 2025]

group job 8bfaa56a-c34d-4943-b973-52dacdca4005 (jobs in lexicogr. order):

    [Fri Mar 28 13:48:03 2025]
    rule sam_dump:
        input: SRR32271479
        output: SRR32271479.sam (pipe)
        jobid: 47
        reason: Missing output files: SRR32271479.sam
        wildcards: accession=SRR32271479
        resources: tmpdir=/tmp, mem_mb=10000


    [Fri Mar 28 13:48:03 2025]
    rule sam_to_bam:
        input: SRR32271479.sam
        output: SRR32271479.bam, SRR32271479.complete
        jobid: 46
        reason: Missing output files: SRR32271479.bam, SRR32271479.complete; Input files updated by another job: SRR32271479.sam
        wildcards: accession=SRR32271479
        threads: 8
        resources: tmpdir=/tmp, mem_mb=15000, disk_mb=250000


[Fri Mar 28 13:48:03 2025]
rule prefetch:
    output: SRR32271463
    log: SRR32271463.log
    jobid: 30
    reason: Missing output files: SRR32271463
    wildcards: accession=SRR32271463
    resources: tmpdir=/tmp, mem_mb=15000, disk_mb=300000

[Fri Mar 28 13:48:03 2025]
Error in group job 8bfaa56a-c34d-4943-b973-52dacdca4005:
    [Fri Mar 28 13:48:03 2025]
        Error in rule sam_to_bam:
            jobid: 46
            output: SRR32271479.bam, SRR32271479.complete
            conda-env: /mnt/c/Documents\ and\ Settings/lukeg/Documents/Morin_Lab/conda_env_folder/5f2c4ce356a60d1b3375416903a292c0_
            shell:
        samtools view -bS -@ 8 SRR32271479.sam > SRR32271479.bam
        (one of the commands exited with non-zero exit code; note that snakemake uses bash strict mode!)
    
    [Fri Mar 28 13:48:03 2025]
        Error in rule sam_dump:
            jobid: 47
            output: SRR32271479.sam (pipe)
            conda-env: /mnt/c/Documents\ and\ Settings/lukeg/Documents/Morin_Lab/conda_env_folder/5f2c4ce356a60d1b3375416903a292c0_
            shell:
        sam-dump -u -r SRR32271479 > SRR32271479.sam
        (one of the commands exited with non-zero exit code; note that snakemake uses bash strict mode!)
    
Activating conda environment: ../../../../../../../Documents\ and\ Settings/lukeg/Documents/Morin_Lab/conda_env_folder/5f2c4ce356a60d1b3375416903a292c0_

[Fri Mar 28 13:48:03 2025]
rule prefetch:
    output: SRR32271471
    log: SRR32271471.log
    jobid: 15
    reason: Missing output files: SRR32271471
    wildcards: accession=SRR32271471
    resources: tmpdir=/tmp, mem_mb=15000, disk_mb=300000

Activating conda environment: ../../../../../../../Documents\ and\ Settings/lukeg/Documents/Morin_Lab/conda_env_folder/5f2c4ce356a60d1b3375416903a292c0_
Select jobs to execute...
[Fri Mar 28 13:48:03 2025]

group job f76bf379-d5c6-4f86-b689-eabefba8ab3c (jobs in lexicogr. order):

    [Fri Mar 28 13:48:03 2025]
    rule sam_dump:
        input: SRR32271466
        output: SRR32271466.sam (pipe)
        jobid: 20
        reason: Missing output files: SRR32271466.sam
        wildcards: accession=SRR32271466
        resources: tmpdir=/tmp, mem_mb=10000


    [Fri Mar 28 13:48:03 2025]
    rule sam_to_bam:
        input: SRR32271466.sam
        output: SRR32271466.bam, SRR32271466.complete
        jobid: 19
        reason: Missing output files: SRR32271466.bam, SRR32271466.complete; Input files updated by another job: SRR32271466.sam
        wildcards: accession=SRR32271466
        threads: 8
        resources: tmpdir=/tmp, mem_mb=15000, disk_mb=250000

[Fri Mar 28 13:48:04 2025]
Error in group job f76bf379-d5c6-4f86-b689-eabefba8ab3c:
    [Fri Mar 28 13:48:04 2025]
        Error in rule sam_to_bam:
            jobid: 19
            output: SRR32271466.bam, SRR32271466.complete
            conda-env: /mnt/c/Documents\ and\ Settings/lukeg/Documents/Morin_Lab/conda_env_folder/5f2c4ce356a60d1b3375416903a292c0_
            shell:
        samtools view -bS -@ 8 SRR32271466.sam > SRR32271466.bam
        (one of the commands exited with non-zero exit code; note that snakemake uses bash strict mode!)
    
    [Fri Mar 28 13:48:04 2025]
        Error in rule sam_dump:
            jobid: 20
            output: SRR32271466.sam (pipe)
            conda-env: /mnt/c/Documents\ and\ Settings/lukeg/Documents/Morin_Lab/conda_env_folder/5f2c4ce356a60d1b3375416903a292c0_
            shell:
        sam-dump -u -r SRR32271466 > SRR32271466.sam
        (one of the commands exited with non-zero exit code; note that snakemake uses bash strict mode!)
    
Select jobs to execute...
[Fri Mar 28 13:48:04 2025]

group job 1063a26d-68ee-4d37-a4c3-dc97f04143ac (jobs in lexicogr. order):

    [Fri Mar 28 13:48:04 2025]
    rule sam_dump:
        input: SRR32271475
        output: SRR32271475.sam (pipe)
        jobid: 50
        reason: Missing output files: SRR32271475.sam
        wildcards: accession=SRR32271475
        resources: tmpdir=/tmp, mem_mb=10000


    [Fri Mar 28 13:48:04 2025]
    rule sam_to_bam:
        input: SRR32271475.sam
        output: SRR32271475.bam, SRR32271475.complete
        jobid: 49
        reason: Missing output files: SRR32271475.complete, SRR32271475.bam; Input files updated by another job: SRR32271475.sam
        wildcards: accession=SRR32271475
        threads: 8
        resources: tmpdir=/tmp, mem_mb=15000, disk_mb=250000

[Fri Mar 28 13:48:04 2025]
Error in group job 1063a26d-68ee-4d37-a4c3-dc97f04143ac:
    [Fri Mar 28 13:48:04 2025]
        Error in rule sam_to_bam:
            jobid: 49
            output: SRR32271475.bam, SRR32271475.complete
            conda-env: /mnt/c/Documents\ and\ Settings/lukeg/Documents/Morin_Lab/conda_env_folder/5f2c4ce356a60d1b3375416903a292c0_
            shell:
        samtools view -bS -@ 8 SRR32271475.sam > SRR32271475.bam
        (one of the commands exited with non-zero exit code; note that snakemake uses bash strict mode!)
    
    [Fri Mar 28 13:48:04 2025]
        Error in rule sam_dump:
            jobid: 50
            output: SRR32271475.sam (pipe)
            conda-env: /mnt/c/Documents\ and\ Settings/lukeg/Documents/Morin_Lab/conda_env_folder/5f2c4ce356a60d1b3375416903a292c0_
            shell:
        sam-dump -u -r SRR32271475 > SRR32271475.sam
        (one of the commands exited with non-zero exit code; note that snakemake uses bash strict mode!)
    
Select jobs to execute...
[Fri Mar 28 13:48:04 2025]

group job 6f6804fa-7169-4fef-addd-d68e18125c93 (jobs in lexicogr. order):

    [Fri Mar 28 13:48:04 2025]
    rule sam_dump:
        input: SRR32271472
        output: SRR32271472.sam (pipe)
        jobid: 59
        reason: Missing output files: SRR32271472.sam
        wildcards: accession=SRR32271472
        resources: tmpdir=/tmp, mem_mb=10000


    [Fri Mar 28 13:48:04 2025]
    rule sam_to_bam:
        input: SRR32271472.sam
        output: SRR32271472.bam, SRR32271472.complete
        jobid: 58
        reason: Missing output files: SRR32271472.bam, SRR32271472.complete; Input files updated by another job: SRR32271472.sam
        wildcards: accession=SRR32271472
        threads: 8
        resources: tmpdir=/tmp, mem_mb=15000, disk_mb=250000

[Fri Mar 28 13:48:04 2025]
Error in group job 6f6804fa-7169-4fef-addd-d68e18125c93:
    [Fri Mar 28 13:48:04 2025]
        Error in rule sam_to_bam:
            jobid: 58
            output: SRR32271472.bam, SRR32271472.complete
            conda-env: /mnt/c/Documents\ and\ Settings/lukeg/Documents/Morin_Lab/conda_env_folder/5f2c4ce356a60d1b3375416903a292c0_
            shell:
        samtools view -bS -@ 8 SRR32271472.sam > SRR32271472.bam
        (one of the commands exited with non-zero exit code; note that snakemake uses bash strict mode!)
    
    [Fri Mar 28 13:48:04 2025]
        Error in rule sam_dump:
            jobid: 59
            output: SRR32271472.sam (pipe)
            conda-env: /mnt/c/Documents\ and\ Settings/lukeg/Documents/Morin_Lab/conda_env_folder/5f2c4ce356a60d1b3375416903a292c0_
            shell:
        sam-dump -u -r SRR32271472 > SRR32271472.sam
        (one of the commands exited with non-zero exit code; note that snakemake uses bash strict mode!)
    
Select jobs to execute...
[Fri Mar 28 13:48:04 2025]

group job 43dc8cc7-fc89-4e17-bb05-2b23380d0f85 (jobs in lexicogr. order):

    [Fri Mar 28 13:48:04 2025]
    rule sam_dump:
        input: SRR32271478
        output: SRR32271478.sam (pipe)
        jobid: 38
        reason: Missing output files: SRR32271478.sam
        wildcards: accession=SRR32271478
        resources: tmpdir=/tmp, mem_mb=10000


    [Fri Mar 28 13:48:04 2025]
    rule sam_to_bam:
        input: SRR32271478.sam
        output: SRR32271478.bam, SRR32271478.complete
        jobid: 37
        reason: Missing output files: SRR32271478.complete, SRR32271478.bam; Input files updated by another job: SRR32271478.sam
        wildcards: accession=SRR32271478
        threads: 8
        resources: tmpdir=/tmp, mem_mb=15000, disk_mb=250000

[Fri Mar 28 13:48:04 2025]
Error in group job 43dc8cc7-fc89-4e17-bb05-2b23380d0f85:
    [Fri Mar 28 13:48:04 2025]
        Error in rule sam_to_bam:
            jobid: 37
            output: SRR32271478.bam, SRR32271478.complete
            conda-env: /mnt/c/Documents\ and\ Settings/lukeg/Documents/Morin_Lab/conda_env_folder/5f2c4ce356a60d1b3375416903a292c0_
            shell:
        samtools view -bS -@ 8 SRR32271478.sam > SRR32271478.bam
        (one of the commands exited with non-zero exit code; note that snakemake uses bash strict mode!)
    
    [Fri Mar 28 13:48:04 2025]
        Error in rule sam_dump:
            jobid: 38
            output: SRR32271478.sam (pipe)
            conda-env: /mnt/c/Documents\ and\ Settings/lukeg/Documents/Morin_Lab/conda_env_folder/5f2c4ce356a60d1b3375416903a292c0_
            shell:
        sam-dump -u -r SRR32271478 > SRR32271478.sam
        (one of the commands exited with non-zero exit code; note that snakemake uses bash strict mode!)
    
Select jobs to execute...
[Fri Mar 28 13:48:04 2025]

group job b4a23b0a-a6fd-432a-bacc-a18955228438 (jobs in lexicogr. order):

    [Fri Mar 28 13:48:04 2025]
    rule sam_dump:
        input: SRR32271464
        output: SRR32271464.sam (pipe)
        jobid: 26
        reason: Missing output files: SRR32271464.sam
        wildcards: accession=SRR32271464
        resources: tmpdir=/tmp, mem_mb=10000


    [Fri Mar 28 13:48:04 2025]
    rule sam_to_bam:
        input: SRR32271464.sam
        output: SRR32271464.bam, SRR32271464.complete
        jobid: 25
        reason: Missing output files: SRR32271464.complete, SRR32271464.bam; Input files updated by another job: SRR32271464.sam
        wildcards: accession=SRR32271464
        threads: 8
        resources: tmpdir=/tmp, mem_mb=15000, disk_mb=250000

[Fri Mar 28 13:48:05 2025]
Error in group job b4a23b0a-a6fd-432a-bacc-a18955228438:
    [Fri Mar 28 13:48:05 2025]
        Error in rule sam_to_bam:
            jobid: 25
            output: SRR32271464.bam, SRR32271464.complete
            conda-env: /mnt/c/Documents\ and\ Settings/lukeg/Documents/Morin_Lab/conda_env_folder/5f2c4ce356a60d1b3375416903a292c0_
            shell:
        samtools view -bS -@ 8 SRR32271464.sam > SRR32271464.bam
        (one of the commands exited with non-zero exit code; note that snakemake uses bash strict mode!)
    
    [Fri Mar 28 13:48:05 2025]
        Error in rule sam_dump:
            jobid: 26
            output: SRR32271464.sam (pipe)
            conda-env: /mnt/c/Documents\ and\ Settings/lukeg/Documents/Morin_Lab/conda_env_folder/5f2c4ce356a60d1b3375416903a292c0_
            shell:
        sam-dump -u -r SRR32271464 > SRR32271464.sam
        (one of the commands exited with non-zero exit code; note that snakemake uses bash strict mode!)
    
Select jobs to execute...
[Fri Mar 28 13:48:05 2025]

group job d5ff7c56-07e0-422e-82cc-2021f43d3873 (jobs in lexicogr. order):

    [Fri Mar 28 13:48:05 2025]
    rule sam_dump:
        input: SRR32271483
        output: SRR32271483.sam (pipe)
        jobid: 2
        reason: Missing output files: SRR32271483.sam
        wildcards: accession=SRR32271483
        resources: tmpdir=/tmp, mem_mb=10000


    [Fri Mar 28 13:48:05 2025]
    rule sam_to_bam:
        input: SRR32271483.sam
        output: SRR32271483.bam, SRR32271483.complete
        jobid: 1
        reason: Missing output files: SRR32271483.complete, SRR32271483.bam; Input files updated by another job: SRR32271483.sam
        wildcards: accession=SRR32271483
        threads: 8
        resources: tmpdir=/tmp, mem_mb=15000, disk_mb=250000

[Fri Mar 28 13:48:05 2025]
Error in group job d5ff7c56-07e0-422e-82cc-2021f43d3873:
    [Fri Mar 28 13:48:05 2025]
        Error in rule sam_dump:
            jobid: 2
            output: SRR32271483.sam (pipe)
            conda-env: /mnt/c/Documents\ and\ Settings/lukeg/Documents/Morin_Lab/conda_env_folder/5f2c4ce356a60d1b3375416903a292c0_
            shell:
        sam-dump -u -r SRR32271483 > SRR32271483.sam
        (one of the commands exited with non-zero exit code; note that snakemake uses bash strict mode!)
    
    [Fri Mar 28 13:48:05 2025]
        Error in rule sam_to_bam:
            jobid: 1
            output: SRR32271483.bam, SRR32271483.complete
            conda-env: /mnt/c/Documents\ and\ Settings/lukeg/Documents/Morin_Lab/conda_env_folder/5f2c4ce356a60d1b3375416903a292c0_
            shell:
        samtools view -bS -@ 8 SRR32271483.sam > SRR32271483.bam
        (one of the commands exited with non-zero exit code; note that snakemake uses bash strict mode!)
    
Select jobs to execute...
[Fri Mar 28 13:48:05 2025]

group job d2dfc300-4a91-4c0c-ae2f-c6359cee3df5 (jobs in lexicogr. order):

    [Fri Mar 28 13:48:05 2025]
    rule sam_dump:
        input: SRR32271480
        output: SRR32271480.sam (pipe)
        jobid: 35
        reason: Missing output files: SRR32271480.sam
        wildcards: accession=SRR32271480
        resources: tmpdir=/tmp, mem_mb=10000


    [Fri Mar 28 13:48:05 2025]
    rule sam_to_bam:
        input: SRR32271480.sam
        output: SRR32271480.bam, SRR32271480.complete
        jobid: 34
        reason: Missing output files: SRR32271480.bam, SRR32271480.complete; Input files updated by another job: SRR32271480.sam
        wildcards: accession=SRR32271480
        threads: 8
        resources: tmpdir=/tmp, mem_mb=15000, disk_mb=250000

[Fri Mar 28 13:48:05 2025]
Error in group job d2dfc300-4a91-4c0c-ae2f-c6359cee3df5:
    [Fri Mar 28 13:48:05 2025]
        Error in rule sam_to_bam:
            jobid: 34
            output: SRR32271480.bam, SRR32271480.complete
            conda-env: /mnt/c/Documents\ and\ Settings/lukeg/Documents/Morin_Lab/conda_env_folder/5f2c4ce356a60d1b3375416903a292c0_
            shell:
        samtools view -bS -@ 8 SRR32271480.sam > SRR32271480.bam
        (one of the commands exited with non-zero exit code; note that snakemake uses bash strict mode!)
    
    [Fri Mar 28 13:48:05 2025]
        Error in rule sam_dump:
            jobid: 35
            output: SRR32271480.sam (pipe)
            conda-env: /mnt/c/Documents\ and\ Settings/lukeg/Documents/Morin_Lab/conda_env_folder/5f2c4ce356a60d1b3375416903a292c0_
            shell:
        sam-dump -u -r SRR32271480 > SRR32271480.sam
        (one of the commands exited with non-zero exit code; note that snakemake uses bash strict mode!)
    
Select jobs to execute...

[Fri Mar 28 13:48:05 2025]
rule prefetch:
    output: SRR32271477
    log: SRR32271477.log
    jobid: 42
    reason: Missing output files: SRR32271477
    wildcards: accession=SRR32271477
    resources: tmpdir=/tmp, mem_mb=15000, disk_mb=300000

Activating conda environment: ../../../../../../../Documents\ and\ Settings/lukeg/Documents/Morin_Lab/conda_env_folder/5f2c4ce356a60d1b3375416903a292c0_

[Fri Mar 28 13:48:05 2025]
rule prefetch:
    output: SRR32271468
    log: SRR32271468.log
    jobid: 12
    reason: Missing output files: SRR32271468
    wildcards: accession=SRR32271468
    resources: tmpdir=/tmp, mem_mb=15000, disk_mb=300000

Activating conda environment: ../../../../../../../Documents\ and\ Settings/lukeg/Documents/Morin_Lab/conda_env_folder/5f2c4ce356a60d1b3375416903a292c0_

[Fri Mar 28 13:48:05 2025]
rule prefetch:
    output: SRR32271473
    log: SRR32271473.log
    jobid: 57
    reason: Missing output files: SRR32271473
    wildcards: accession=SRR32271473
    resources: tmpdir=/tmp, mem_mb=15000, disk_mb=300000

Activating conda environment: ../../../../../../../Documents\ and\ Settings/lukeg/Documents/Morin_Lab/conda_env_folder/5f2c4ce356a60d1b3375416903a292c0_

[Fri Mar 28 13:48:05 2025]
rule prefetch:
    output: SRR32271481
    log: SRR32271481.log
    jobid: 33
    reason: Missing output files: SRR32271481
    wildcards: accession=SRR32271481
    resources: tmpdir=/tmp, mem_mb=15000, disk_mb=300000

Activating conda environment: ../../../../../../../Documents\ and\ Settings/lukeg/Documents/Morin_Lab/conda_env_folder/5f2c4ce356a60d1b3375416903a292c0_

[Fri Mar 28 13:48:05 2025]
rule prefetch:
    output: SRR32271467
    log: SRR32271467.log
    jobid: 18
    reason: Missing output files: SRR32271467
    wildcards: accession=SRR32271467
    resources: tmpdir=/tmp, mem_mb=15000, disk_mb=300000

Activating conda environment: ../../../../../../../Documents\ and\ Settings/lukeg/Documents/Morin_Lab/conda_env_folder/5f2c4ce356a60d1b3375416903a292c0_

[Fri Mar 28 13:48:05 2025]
rule prefetch:
    output: SRR32271465
    log: SRR32271465.log
    jobid: 24
    reason: Missing output files: SRR32271465
    wildcards: accession=SRR32271465
    resources: tmpdir=/tmp, mem_mb=15000, disk_mb=300000

Activating conda environment: ../../../../../../../Documents\ and\ Settings/lukeg/Documents/Morin_Lab/conda_env_folder/5f2c4ce356a60d1b3375416903a292c0_

[Fri Mar 28 13:48:05 2025]
rule prefetch:
    output: SRR32271470
    log: SRR32271470.log
    jobid: 9
    reason: Missing output files: SRR32271470
    wildcards: accession=SRR32271470
    resources: tmpdir=/tmp, mem_mb=15000, disk_mb=300000

Activating conda environment: ../../../../../../../Documents\ and\ Settings/lukeg/Documents/Morin_Lab/conda_env_folder/5f2c4ce356a60d1b3375416903a292c0_

[Fri Mar 28 13:48:05 2025]
rule prefetch:
    output: SRR32271476
    log: SRR32271476.log
    jobid: 45
    reason: Missing output files: SRR32271476
    wildcards: accession=SRR32271476
    resources: tmpdir=/tmp, mem_mb=15000, disk_mb=300000

Activating conda environment: ../../../../../../../Documents\ and\ Settings/lukeg/Documents/Morin_Lab/conda_env_folder/5f2c4ce356a60d1b3375416903a292c0_

[Fri Mar 28 13:48:06 2025]
rule prefetch:
    output: SRR32271482
    log: SRR32271482.log
    jobid: 6
    reason: Missing output files: SRR32271482
    wildcards: accession=SRR32271482
    resources: tmpdir=/tmp, mem_mb=15000, disk_mb=300000

Activating conda environment: ../../../../../../../Documents\ and\ Settings/lukeg/Documents/Morin_Lab/conda_env_folder/5f2c4ce356a60d1b3375416903a292c0_
Waiting at most 120 seconds for missing files.
MissingOutputException in rule prefetch in line 34 of /mnt/c/Users/lukeg/Documents/Morin_Lab/lcr-scripts/sra-tools/1.0/sra_dump.smk:
Job Missing files after 120 seconds. This might be due to filesystem latency. If that is the case, consider to increase the wait time with --latency-wait:
SRR32271463 completed successfully, but some output files are missing. 30
Waiting at most 120 seconds for missing files.
MissingOutputException in rule prefetch in line 34 of /mnt/c/Users/lukeg/Documents/Morin_Lab/lcr-scripts/sra-tools/1.0/sra_dump.smk:
Job Missing files after 120 seconds. This might be due to filesystem latency. If that is the case, consider to increase the wait time with --latency-wait:
SRR32271469 completed successfully, but some output files are missing. 63
Waiting at most 120 seconds for missing files.
MissingOutputException in rule prefetch in line 34 of /mnt/c/Users/lukeg/Documents/Morin_Lab/lcr-scripts/sra-tools/1.0/sra_dump.smk:
Job Missing files after 120 seconds. This might be due to filesystem latency. If that is the case, consider to increase the wait time with --latency-wait:
SRR32271477 completed successfully, but some output files are missing. 42
Waiting at most 120 seconds for missing files.
MissingOutputException in rule prefetch in line 34 of /mnt/c/Users/lukeg/Documents/Morin_Lab/lcr-scripts/sra-tools/1.0/sra_dump.smk:
Job Missing files after 120 seconds. This might be due to filesystem latency. If that is the case, consider to increase the wait time with --latency-wait:
SRR32271465 completed successfully, but some output files are missing. 24
Waiting at most 120 seconds for missing files.
MissingOutputException in rule prefetch in line 34 of /mnt/c/Users/lukeg/Documents/Morin_Lab/lcr-scripts/sra-tools/1.0/sra_dump.smk:
Job Missing files after 120 seconds. This might be due to filesystem latency. If that is the case, consider to increase the wait time with --latency-wait:
SRR32271470 completed successfully, but some output files are missing. 9
Waiting at most 120 seconds for missing files.
MissingOutputException in rule prefetch in line 34 of /mnt/c/Users/lukeg/Documents/Morin_Lab/lcr-scripts/sra-tools/1.0/sra_dump.smk:
Job Missing files after 120 seconds. This might be due to filesystem latency. If that is the case, consider to increase the wait time with --latency-wait:
SRR32271473 completed successfully, but some output files are missing. 57
Waiting at most 120 seconds for missing files.
MissingOutputException in rule prefetch in line 34 of /mnt/c/Users/lukeg/Documents/Morin_Lab/lcr-scripts/sra-tools/1.0/sra_dump.smk:
Job Missing files after 120 seconds. This might be due to filesystem latency. If that is the case, consider to increase the wait time with --latency-wait:
SRR32271476 completed successfully, but some output files are missing. 45
Waiting at most 120 seconds for missing files.
MissingOutputException in rule prefetch in line 34 of /mnt/c/Users/lukeg/Documents/Morin_Lab/lcr-scripts/sra-tools/1.0/sra_dump.smk:
Job Missing files after 120 seconds. This might be due to filesystem latency. If that is the case, consider to increase the wait time with --latency-wait:
SRR32271471 completed successfully, but some output files are missing. 15
Waiting at most 120 seconds for missing files.
MissingOutputException in rule prefetch in line 34 of /mnt/c/Users/lukeg/Documents/Morin_Lab/lcr-scripts/sra-tools/1.0/sra_dump.smk:
Job Missing files after 120 seconds. This might be due to filesystem latency. If that is the case, consider to increase the wait time with --latency-wait:
SRR32271481 completed successfully, but some output files are missing. 33
Waiting at most 120 seconds for missing files.
MissingOutputException in rule prefetch in line 34 of /mnt/c/Users/lukeg/Documents/Morin_Lab/lcr-scripts/sra-tools/1.0/sra_dump.smk:
Job Missing files after 120 seconds. This might be due to filesystem latency. If that is the case, consider to increase the wait time with --latency-wait:
SRR32271467 completed successfully, but some output files are missing. 18
Waiting at most 120 seconds for missing files.
MissingOutputException in rule prefetch in line 34 of /mnt/c/Users/lukeg/Documents/Morin_Lab/lcr-scripts/sra-tools/1.0/sra_dump.smk:
Job Missing files after 120 seconds. This might be due to filesystem latency. If that is the case, consider to increase the wait time with --latency-wait:
SRR32271468 completed successfully, but some output files are missing. 12
Waiting at most 120 seconds for missing files.
MissingOutputException in rule prefetch in line 34 of /mnt/c/Users/lukeg/Documents/Morin_Lab/lcr-scripts/sra-tools/1.0/sra_dump.smk:
Job Missing files after 120 seconds. This might be due to filesystem latency. If that is the case, consider to increase the wait time with --latency-wait:
SRR32271482 completed successfully, but some output files are missing. 6
Exiting because a job execution failed. Look above for error message
Complete log: .snakemake/log/2025-03-28T133556.552561.snakemake.log
